This file contains any messages produced by compilers while
running configure, to aid debugging if configure makes a mistake.

It was created by i2c_spi_chips configure 0.0, which was
generated by GNU Autoconf 2.69.  Invocation command line was

  $ ./configure 

## --------- ##
## Platform. ##
## --------- ##

hostname = rpi3-src
uname -m = armv7l
uname -r = 4.9.39-v7+
uname -s = Linux
uname -v = #1018 SMP Fri Jul 21 16:34:06 BST 2017

/usr/bin/uname -p = unknown
/bin/uname -X     = unknown

/bin/arch              = unknown
/usr/bin/arch -k       = unknown
/usr/convex/getsysinfo = unknown
/usr/bin/hostinfo      = unknown
/bin/machine           = unknown
/usr/bin/oslevel       = unknown
/bin/universe          = unknown

PATH: /home/pi/bin
PATH: /usr/local/sbin
PATH: /usr/local/bin
PATH: /usr/sbin
PATH: /usr/bin
PATH: /sbin
PATH: /bin
PATH: /usr/local/games
PATH: /usr/games


## ----------- ##
## Core tests. ##
## ----------- ##

configure:2257: checking build system type
configure:2271: result: armv7l-unknown-linux-gnueabihf
configure:2291: checking host system type
configure:2304: result: armv7l-unknown-linux-gnueabihf
configure:2340: checking for a BSD-compatible install
configure:2408: result: /usr/bin/install -c
configure:2419: checking whether build environment is sane
configure:2474: result: yes
configure:2512: WARNING: 'missing' script is too old or missing
configure:2625: checking for a thread-safe mkdir -p
configure:2664: result: /bin/mkdir -p
configure:2671: checking for gawk
configure:2701: result: no
configure:2671: checking for mawk
configure:2687: found /usr/bin/mawk
configure:2698: result: mawk
configure:2709: checking whether make sets $(MAKE)
configure:2731: result: yes
configure:2760: checking whether make supports nested variables
configure:2777: result: yes
configure:2955: checking for gcc
configure:2971: found /usr/bin/gcc
configure:2982: result: gcc
configure:3211: checking for C compiler version
configure:3220: gcc --version >&5
gcc (Raspbian 4.9.2-10+deb8u1) 4.9.2
Copyright (C) 2014 Free Software Foundation, Inc.
This is free software; see the source for copying conditions.  There is NO
warranty; not even for MERCHANTABILITY or FITNESS FOR A PARTICULAR PURPOSE.

configure:3231: $? = 0
configure:3220: gcc -v >&5
Using built-in specs.
COLLECT_GCC=gcc
COLLECT_LTO_WRAPPER=/usr/lib/gcc/arm-linux-gnueabihf/4.9/lto-wrapper
Target: arm-linux-gnueabihf
Configured with: ../src/configure -v --with-pkgversion='Raspbian 4.9.2-10+deb8u1' --with-bugurl=file:///usr/share/doc/gcc-4.9/README.Bugs --enable-languages=c,c++,java,go,d,fortran,objc,obj-c++ --prefix=/usr --program-suffix=-4.9 --enable-shared --enable-linker-build-id --libexecdir=/usr/lib --without-included-gettext --enable-threads=posix --with-gxx-include-dir=/usr/include/c++/4.9 --libdir=/usr/lib --enable-nls --with-sysroot=/ --enable-clocale=gnu --enable-libstdcxx-debug --enable-libstdcxx-time=yes --enable-gnu-unique-object --disable-libitm --disable-libquadmath --enable-plugin --with-system-zlib --disable-browser-plugin --enable-java-awt=gtk --enable-gtk-cairo --with-java-home=/usr/lib/jvm/java-1.5.0-gcj-4.9-armhf/jre --enable-java-home --with-jvm-root-dir=/usr/lib/jvm/java-1.5.0-gcj-4.9-armhf --with-jvm-jar-dir=/usr/lib/jvm-exports/java-1.5.0-gcj-4.9-armhf --with-arch-directory=arm --with-ecj-jar=/usr/share/java/eclipse-ecj.jar --enable-objc-gc --enable-multiarch --disable-sjlj-exceptions --with-arch=armv6 --with-fpu=vfp --with-float=hard --enable-checking=release --build=arm-linux-gnueabihf --host=arm-linux-gnueabihf --target=arm-linux-gnueabihf
Thread model: posix
gcc version 4.9.2 (Raspbian 4.9.2-10+deb8u1) 
configure:3231: $? = 0
configure:3220: gcc -V >&5
gcc: error: unrecognized command line option '-V'
gcc: fatal error: no input files
compilation terminated.
configure:3231: $? = 4
configure:3220: gcc -qversion >&5
gcc: error: unrecognized command line option '-qversion'
gcc: fatal error: no input files
compilation terminated.
configure:3231: $? = 4
configure:3251: checking whether the C compiler works
configure:3273: gcc    conftest.c  >&5
configure:3277: $? = 0
configure:3325: result: yes
configure:3328: checking for C compiler default output file name
configure:3330: result: a.out
configure:3336: checking for suffix of executables
configure:3343: gcc -o conftest    conftest.c  >&5
configure:3347: $? = 0
configure:3369: result: 
configure:3391: checking whether we are cross compiling
configure:3399: gcc -o conftest    conftest.c  >&5
configure:3403: $? = 0
configure:3410: ./conftest
configure:3414: $? = 0
configure:3429: result: no
configure:3434: checking for suffix of object files
configure:3456: gcc -c   conftest.c >&5
configure:3460: $? = 0
configure:3481: result: o
configure:3485: checking whether we are using the GNU C compiler
configure:3504: gcc -c   conftest.c >&5
configure:3504: $? = 0
configure:3513: result: yes
configure:3522: checking whether gcc accepts -g
configure:3542: gcc -c -g  conftest.c >&5
configure:3542: $? = 0
configure:3583: result: yes
configure:3600: checking for gcc option to accept ISO C89
configure:3663: gcc  -c -g -O2  conftest.c >&5
configure:3663: $? = 0
configure:3676: result: none needed
configure:3701: checking whether gcc understands -c and -o together
configure:3723: gcc -c conftest.c -o conftest2.o
configure:3726: $? = 0
configure:3723: gcc -c conftest.c -o conftest2.o
configure:3726: $? = 0
configure:3738: result: yes
configure:3766: checking for style of include used by make
configure:3794: result: GNU
configure:3820: checking dependency style of gcc
configure:3931: result: gcc3
configure:3991: checking for ranlib
configure:4007: found /usr/bin/ranlib
configure:4018: result: ranlib
configure:4041: checking for wiringPiI2CSetup in -lwiringPi
configure:4066: gcc -o conftest -g -O2   conftest.c -lwiringPi   >&5
configure:4066: $? = 0
configure:4075: result: yes
configure:4093: checking how to run the C preprocessor
configure:4124: gcc -E  conftest.c
configure:4124: $? = 0
configure:4138: gcc -E  conftest.c
conftest.c:12:28: fatal error: ac_nonexistent.h: No such file or directory
 #include <ac_nonexistent.h>
                            ^
compilation terminated.
configure:4138: $? = 1
configure: failed program was:
| /* confdefs.h */
| #define PACKAGE_NAME "i2c_spi_chips"
| #define PACKAGE_TARNAME "i2c_spi_chips"
| #define PACKAGE_VERSION "0.0"
| #define PACKAGE_STRING "i2c_spi_chips 0.0"
| #define PACKAGE_BUGREPORT "trevor.gowen@blueyonder.co.uk"
| #define PACKAGE_URL ""
| #define PACKAGE "i2c_spi_chips"
| #define VERSION "0.0"
| #define HAVE_LIBWIRINGPI 1
| /* end confdefs.h.  */
| #include <ac_nonexistent.h>
configure:4163: result: gcc -E
configure:4183: gcc -E  conftest.c
configure:4183: $? = 0
configure:4197: gcc -E  conftest.c
conftest.c:12:28: fatal error: ac_nonexistent.h: No such file or directory
 #include <ac_nonexistent.h>
                            ^
compilation terminated.
configure:4197: $? = 1
configure: failed program was:
| /* confdefs.h */
| #define PACKAGE_NAME "i2c_spi_chips"
| #define PACKAGE_TARNAME "i2c_spi_chips"
| #define PACKAGE_VERSION "0.0"
| #define PACKAGE_STRING "i2c_spi_chips 0.0"
| #define PACKAGE_BUGREPORT "trevor.gowen@blueyonder.co.uk"
| #define PACKAGE_URL ""
| #define PACKAGE "i2c_spi_chips"
| #define VERSION "0.0"
| #define HAVE_LIBWIRINGPI 1
| /* end confdefs.h.  */
| #include <ac_nonexistent.h>
configure:4226: checking for grep that handles long lines and -e
configure:4284: result: /bin/grep
configure:4289: checking for egrep
configure:4351: result: /bin/grep -E
configure:4356: checking for ANSI C header files
configure:4376: gcc -c -g -O2  conftest.c >&5
configure:4376: $? = 0
configure:4449: gcc -o conftest -g -O2   conftest.c -lwiringPi  >&5
configure:4449: $? = 0
configure:4449: ./conftest
configure:4449: $? = 0
configure:4460: result: yes
configure:4473: checking for sys/types.h
configure:4473: gcc -c -g -O2  conftest.c >&5
configure:4473: $? = 0
configure:4473: result: yes
configure:4473: checking for sys/stat.h
configure:4473: gcc -c -g -O2  conftest.c >&5
configure:4473: $? = 0
configure:4473: result: yes
configure:4473: checking for stdlib.h
configure:4473: gcc -c -g -O2  conftest.c >&5
configure:4473: $? = 0
configure:4473: result: yes
configure:4473: checking for string.h
configure:4473: gcc -c -g -O2  conftest.c >&5
configure:4473: $? = 0
configure:4473: result: yes
configure:4473: checking for memory.h
configure:4473: gcc -c -g -O2  conftest.c >&5
configure:4473: $? = 0
configure:4473: result: yes
configure:4473: checking for strings.h
configure:4473: gcc -c -g -O2  conftest.c >&5
configure:4473: $? = 0
configure:4473: result: yes
configure:4473: checking for inttypes.h
configure:4473: gcc -c -g -O2  conftest.c >&5
configure:4473: $? = 0
configure:4473: result: yes
configure:4473: checking for stdint.h
configure:4473: gcc -c -g -O2  conftest.c >&5
configure:4473: $? = 0
configure:4473: result: yes
configure:4473: checking for unistd.h
configure:4473: gcc -c -g -O2  conftest.c >&5
configure:4473: $? = 0
configure:4473: result: yes
configure:4488: checking for stdlib.h
configure:4488: result: yes
configure:4488: checking for string.h
configure:4488: result: yes
configure:4488: checking for strings.h
configure:4488: result: yes
configure:4488: checking for unistd.h
configure:4488: result: yes
configure:4503: checking wiringPi.h usability
configure:4503: gcc -c -g -O2  conftest.c >&5
configure:4503: $? = 0
configure:4503: result: yes
configure:4503: checking wiringPi.h presence
configure:4503: gcc -E  conftest.c
configure:4503: $? = 0
configure:4503: result: yes
configure:4503: checking for wiringPi.h
configure:4503: result: yes
configure:4534:
   ************************************
   wiringPi header available ...
   (HAVE_WIRINGPI_H defined in config.h)
   Full functionality available!
   ************************************
configure:4547: checking wiringPiI2C.h usability
configure:4547: gcc -c -g -O2  conftest.c >&5
configure:4547: $? = 0
configure:4547: result: yes
configure:4547: checking wiringPiI2C.h presence
configure:4547: gcc -E  conftest.c
configure:4547: $? = 0
configure:4547: result: yes
configure:4547: checking for wiringPiI2C.h
configure:4547: result: yes
configure:4578:
   ************************************
   wiringPiI2C header available ...
   (HAVE_WIRINGPII2C_H defined in config.h)
   Full functionality available!
   ************************************
configure:4591: checking wiringPiSPI.h usability
configure:4591: gcc -c -g -O2  conftest.c >&5
configure:4591: $? = 0
configure:4591: result: yes
configure:4591: checking wiringPiSPI.h presence
configure:4591: gcc -E  conftest.c
configure:4591: $? = 0
configure:4591: result: yes
configure:4591: checking for wiringPiSPI.h
configure:4591: result: yes
configure:4622:
   ************************************
   wiringPiSPI header available ...
   (HAVE_WIRINGPISPI_H defined in config.h)
   Full functionality available!
   ************************************
configure:4635: checking pigpio.h usability
configure:4635: gcc -c -g -O2  conftest.c >&5
configure:4635: $? = 0
configure:4635: result: yes
configure:4635: checking pigpio.h presence
configure:4635: gcc -E  conftest.c
configure:4635: $? = 0
configure:4635: result: yes
configure:4635: checking for pigpio.h
configure:4635: result: yes
configure:4661: checking for library containing gpioInitialise
configure:4692: gcc -o conftest -g -O2   conftest.c -lwiringPi  >&5
/tmp/ccCCgEJL.o: In function `main':
/home/pi/src/pi/c/SPECTRUMled/i2c_spi_chips-0.0/conftest.c:41: undefined reference to `gpioInitialise'
collect2: error: ld returned 1 exit status
configure:4692: $? = 1
configure: failed program was:
| /* confdefs.h */
| #define PACKAGE_NAME "i2c_spi_chips"
| #define PACKAGE_TARNAME "i2c_spi_chips"
| #define PACKAGE_VERSION "0.0"
| #define PACKAGE_STRING "i2c_spi_chips 0.0"
| #define PACKAGE_BUGREPORT "trevor.gowen@blueyonder.co.uk"
| #define PACKAGE_URL ""
| #define PACKAGE "i2c_spi_chips"
| #define VERSION "0.0"
| #define HAVE_LIBWIRINGPI 1
| #define STDC_HEADERS 1
| #define HAVE_SYS_TYPES_H 1
| #define HAVE_SYS_STAT_H 1
| #define HAVE_STDLIB_H 1
| #define HAVE_STRING_H 1
| #define HAVE_MEMORY_H 1
| #define HAVE_STRINGS_H 1
| #define HAVE_INTTYPES_H 1
| #define HAVE_STDINT_H 1
| #define HAVE_UNISTD_H 1
| #define HAVE_STDLIB_H 1
| #define HAVE_STRING_H 1
| #define HAVE_STRINGS_H 1
| #define HAVE_UNISTD_H 1
| #define HAVE_WIRINGPI_H 1
| #define HAVE_WIRINGPII2C_H 1
| #define HAVE_WIRINGPISPI_H 1
| #define HAVE_PIGPIO_H 1
| /* end confdefs.h.  */
| 
| /* Override any GCC internal prototype to avoid an error.
|    Use char because int might match the return type of a GCC
|    builtin and then its argument prototype would still apply.  */
| #ifdef __cplusplus
| extern "C"
| #endif
| char gpioInitialise ();
| int
| main ()
| {
| return gpioInitialise ();
|   ;
|   return 0;
| }
configure:4692: gcc -o conftest -g -O2   conftest.c -lpigpio -lpthread -lrt -lwiringPi  >&5
configure:4692: $? = 0
configure:4709: result: -lpigpio
configure:4718: checking for library containing pthread_create
configure:4749: gcc -o conftest -g -O2   conftest.c -lpigpio -lwiringPi  >&5
/usr/bin/ld: /tmp/ccA0ir6F.o: undefined reference to symbol 'pthread_create@@GLIBC_2.4'
//lib/arm-linux-gnueabihf/libpthread.so.0: error adding symbols: DSO missing from command line
collect2: error: ld returned 1 exit status
configure:4749: $? = 1
configure: failed program was:
| /* confdefs.h */
| #define PACKAGE_NAME "i2c_spi_chips"
| #define PACKAGE_TARNAME "i2c_spi_chips"
| #define PACKAGE_VERSION "0.0"
| #define PACKAGE_STRING "i2c_spi_chips 0.0"
| #define PACKAGE_BUGREPORT "trevor.gowen@blueyonder.co.uk"
| #define PACKAGE_URL ""
| #define PACKAGE "i2c_spi_chips"
| #define VERSION "0.0"
| #define HAVE_LIBWIRINGPI 1
| #define STDC_HEADERS 1
| #define HAVE_SYS_TYPES_H 1
| #define HAVE_SYS_STAT_H 1
| #define HAVE_STDLIB_H 1
| #define HAVE_STRING_H 1
| #define HAVE_MEMORY_H 1
| #define HAVE_STRINGS_H 1
| #define HAVE_INTTYPES_H 1
| #define HAVE_STDINT_H 1
| #define HAVE_UNISTD_H 1
| #define HAVE_STDLIB_H 1
| #define HAVE_STRING_H 1
| #define HAVE_STRINGS_H 1
| #define HAVE_UNISTD_H 1
| #define HAVE_WIRINGPI_H 1
| #define HAVE_WIRINGPII2C_H 1
| #define HAVE_WIRINGPISPI_H 1
| #define HAVE_PIGPIO_H 1
| /* end confdefs.h.  */
| 
| /* Override any GCC internal prototype to avoid an error.
|    Use char because int might match the return type of a GCC
|    builtin and then its argument prototype would still apply.  */
| #ifdef __cplusplus
| extern "C"
| #endif
| char pthread_create ();
| int
| main ()
| {
| return pthread_create ();
|   ;
|   return 0;
| }
configure:4749: gcc -o conftest -g -O2   conftest.c -lpthread  -lpigpio -lwiringPi  >&5
configure:4749: $? = 0
configure:4766: result: -lpthread
configure:4774: checking for library containing clock_gettime
configure:4805: gcc -o conftest -g -O2   conftest.c -lpthread -lpigpio -lwiringPi  >&5
configure:4805: $? = 0
configure:4822: result: none required
configure:4836:
   ************************************
   pigpio header available ...
   (HAVE_PIGPIO_H defined in config.h)
   Full functionality available!
   ************************************
configure:4849: checking pigpiod_if2.h usability
configure:4849: gcc -c -g -O2  conftest.c >&5
configure:4849: $? = 0
configure:4849: result: yes
configure:4849: checking pigpiod_if2.h presence
configure:4849: gcc -E  conftest.c
configure:4849: $? = 0
configure:4849: result: yes
configure:4849: checking for pigpiod_if2.h
configure:4849: result: yes
configure:4875: checking for library containing pigpio_start
configure:4906: gcc -o conftest -g -O2   conftest.c -lpthread -lpigpio -lwiringPi  >&5
/tmp/cceEmaVC.o: In function `main':
/home/pi/src/pi/c/SPECTRUMled/i2c_spi_chips-0.0/conftest.c:42: undefined reference to `pigpio_start'
collect2: error: ld returned 1 exit status
configure:4906: $? = 1
configure: failed program was:
| /* confdefs.h */
| #define PACKAGE_NAME "i2c_spi_chips"
| #define PACKAGE_TARNAME "i2c_spi_chips"
| #define PACKAGE_VERSION "0.0"
| #define PACKAGE_STRING "i2c_spi_chips 0.0"
| #define PACKAGE_BUGREPORT "trevor.gowen@blueyonder.co.uk"
| #define PACKAGE_URL ""
| #define PACKAGE "i2c_spi_chips"
| #define VERSION "0.0"
| #define HAVE_LIBWIRINGPI 1
| #define STDC_HEADERS 1
| #define HAVE_SYS_TYPES_H 1
| #define HAVE_SYS_STAT_H 1
| #define HAVE_STDLIB_H 1
| #define HAVE_STRING_H 1
| #define HAVE_MEMORY_H 1
| #define HAVE_STRINGS_H 1
| #define HAVE_INTTYPES_H 1
| #define HAVE_STDINT_H 1
| #define HAVE_UNISTD_H 1
| #define HAVE_STDLIB_H 1
| #define HAVE_STRING_H 1
| #define HAVE_STRINGS_H 1
| #define HAVE_UNISTD_H 1
| #define HAVE_WIRINGPI_H 1
| #define HAVE_WIRINGPII2C_H 1
| #define HAVE_WIRINGPISPI_H 1
| #define HAVE_PIGPIO_H 1
| #define HAVE_PIGPIOD_IF2_H 1
| /* end confdefs.h.  */
| 
| /* Override any GCC internal prototype to avoid an error.
|    Use char because int might match the return type of a GCC
|    builtin and then its argument prototype would still apply.  */
| #ifdef __cplusplus
| extern "C"
| #endif
| char pigpio_start ();
| int
| main ()
| {
| return pigpio_start ();
|   ;
|   return 0;
| }
configure:4906: gcc -o conftest -g -O2   conftest.c -lpigpiod_if2 -lpthread -lrt -lpthread -lpigpio -lwiringPi  >&5
configure:4906: $? = 0
configure:4923: result: -lpigpiod_if2
configure:4932: checking for library containing pthread_create
configure:4980: result: -lpthread
configure:4988: checking for library containing clock_gettime
configure:5036: result: none required
configure:5050:
   ************************************
   pigpiod_if2 header available ...
   (HAVE_PIGPIOD_IF2_H defined in config.h)
   Full functionality available!
   ************************************
configure:5060: checking for ssize_t
configure:5060: gcc -c -g -O2  conftest.c >&5
configure:5060: $? = 0
configure:5060: gcc -c -g -O2  conftest.c >&5
conftest.c: In function 'main':
conftest.c:67:22: error: expected expression before ')' token
 if (sizeof ((ssize_t)))
                      ^
configure:5060: $? = 1
configure: failed program was:
| /* confdefs.h */
| #define PACKAGE_NAME "i2c_spi_chips"
| #define PACKAGE_TARNAME "i2c_spi_chips"
| #define PACKAGE_VERSION "0.0"
| #define PACKAGE_STRING "i2c_spi_chips 0.0"
| #define PACKAGE_BUGREPORT "trevor.gowen@blueyonder.co.uk"
| #define PACKAGE_URL ""
| #define PACKAGE "i2c_spi_chips"
| #define VERSION "0.0"
| #define HAVE_LIBWIRINGPI 1
| #define STDC_HEADERS 1
| #define HAVE_SYS_TYPES_H 1
| #define HAVE_SYS_STAT_H 1
| #define HAVE_STDLIB_H 1
| #define HAVE_STRING_H 1
| #define HAVE_MEMORY_H 1
| #define HAVE_STRINGS_H 1
| #define HAVE_INTTYPES_H 1
| #define HAVE_STDINT_H 1
| #define HAVE_UNISTD_H 1
| #define HAVE_STDLIB_H 1
| #define HAVE_STRING_H 1
| #define HAVE_STRINGS_H 1
| #define HAVE_UNISTD_H 1
| #define HAVE_WIRINGPI_H 1
| #define HAVE_WIRINGPII2C_H 1
| #define HAVE_WIRINGPISPI_H 1
| #define HAVE_PIGPIO_H 1
| #define HAVE_PIGPIOD_IF2_H 1
| /* end confdefs.h.  */
| #include <stdio.h>
| #ifdef HAVE_SYS_TYPES_H
| # include <sys/types.h>
| #endif
| #ifdef HAVE_SYS_STAT_H
| # include <sys/stat.h>
| #endif
| #ifdef STDC_HEADERS
| # include <stdlib.h>
| # include <stddef.h>
| #else
| # ifdef HAVE_STDLIB_H
| #  include <stdlib.h>
| # endif
| #endif
| #ifdef HAVE_STRING_H
| # if !defined STDC_HEADERS && defined HAVE_MEMORY_H
| #  include <memory.h>
| # endif
| # include <string.h>
| #endif
| #ifdef HAVE_STRINGS_H
| # include <strings.h>
| #endif
| #ifdef HAVE_INTTYPES_H
| # include <inttypes.h>
| #endif
| #ifdef HAVE_STDINT_H
| # include <stdint.h>
| #endif
| #ifdef HAVE_UNISTD_H
| # include <unistd.h>
| #endif
| int
| main ()
| {
| if (sizeof ((ssize_t)))
| 	    return 0;
|   ;
|   return 0;
| }
configure:5060: result: yes
configure:5076: checking for gethostname
configure:5076: gcc -o conftest -g -O2   conftest.c -lpthread -lpigpiod_if2 -lpthread -lpigpio -lwiringPi  >&5
configure:5076: $? = 0
configure:5076: result: yes
configure:5076: checking for strcasecmp
configure:5076: gcc -o conftest -g -O2   conftest.c -lpthread -lpigpiod_if2 -lpthread -lpigpio -lwiringPi  >&5
conftest.c:55:6: warning: conflicting types for built-in function 'strcasecmp'
 char strcasecmp ();
      ^
configure:5076: $? = 0
configure:5076: result: yes
configure:5076: checking for strtoul
configure:5076: gcc -o conftest -g -O2   conftest.c -lpthread -lpigpiod_if2 -lpthread -lpigpio -lwiringPi  >&5
configure:5076: $? = 0
configure:5076: result: yes
configure:5197: checking that generated files are newer than configure
configure:5203: result: done
configure:5226: creating ./config.status

## ---------------------- ##
## Running config.status. ##
## ---------------------- ##

This file was extended by i2c_spi_chips config.status 0.0, which was
generated by GNU Autoconf 2.69.  Invocation command line was

  CONFIG_FILES    = 
  CONFIG_HEADERS  = 
  CONFIG_LINKS    = 
  CONFIG_COMMANDS = 
  $ ./config.status 

on rpi3-src

config.status:877: creating Makefile
config.status:877: creating common/Makefile
config.status:877: creating src/Makefile
config.status:877: creating config.h
config.status:1106: executing depfiles commands

## ---------------- ##
## Cache variables. ##
## ---------------- ##

ac_cv_build=armv7l-unknown-linux-gnueabihf
ac_cv_c_compiler_gnu=yes
ac_cv_env_CC_set=
ac_cv_env_CC_value=
ac_cv_env_CFLAGS_set=
ac_cv_env_CFLAGS_value=
ac_cv_env_CPPFLAGS_set=
ac_cv_env_CPPFLAGS_value=
ac_cv_env_CPP_set=
ac_cv_env_CPP_value=
ac_cv_env_LDFLAGS_set=
ac_cv_env_LDFLAGS_value=
ac_cv_env_LIBS_set=
ac_cv_env_LIBS_value=
ac_cv_env_build_alias_set=
ac_cv_env_build_alias_value=
ac_cv_env_host_alias_set=
ac_cv_env_host_alias_value=
ac_cv_env_target_alias_set=
ac_cv_env_target_alias_value=
ac_cv_func_gethostname=yes
ac_cv_func_strcasecmp=yes
ac_cv_func_strtoul=yes
ac_cv_header_inttypes_h=yes
ac_cv_header_memory_h=yes
ac_cv_header_pigpio_h=yes
ac_cv_header_pigpiod_if2_h=yes
ac_cv_header_stdc=yes
ac_cv_header_stdint_h=yes
ac_cv_header_stdlib_h=yes
ac_cv_header_string_h=yes
ac_cv_header_strings_h=yes
ac_cv_header_sys_stat_h=yes
ac_cv_header_sys_types_h=yes
ac_cv_header_unistd_h=yes
ac_cv_header_wiringPiI2C_h=yes
ac_cv_header_wiringPiSPI_h=yes
ac_cv_header_wiringPi_h=yes
ac_cv_host=armv7l-unknown-linux-gnueabihf
ac_cv_lib_wiringPi_wiringPiI2CSetup=yes
ac_cv_objext=o
ac_cv_path_EGREP='/bin/grep -E'
ac_cv_path_GREP=/bin/grep
ac_cv_path_install='/usr/bin/install -c'
ac_cv_path_mkdir=/bin/mkdir
ac_cv_prog_AWK=mawk
ac_cv_prog_CPP='gcc -E'
ac_cv_prog_ac_ct_CC=gcc
ac_cv_prog_ac_ct_RANLIB=ranlib
ac_cv_prog_cc_c89=
ac_cv_prog_cc_g=yes
ac_cv_prog_make_make_set=yes
ac_cv_search_clock_gettime='none required'
ac_cv_search_gpioInitialise=-lpigpio
ac_cv_search_pigpio_start=-lpigpiod_if2
ac_cv_search_pthread_create=-lpthread
ac_cv_type_ssize_t=yes
am_cv_CC_dependencies_compiler_type=gcc3
am_cv_make_support_nested_variables=yes
am_cv_prog_cc_c_o=yes

## ----------------- ##
## Output variables. ##
## ----------------- ##

ACLOCAL='aclocal-1.15'
AMDEPBACKSLASH='\'
AMDEP_FALSE='#'
AMDEP_TRUE=''
AMTAR='$${TAR-tar}'
AM_BACKSLASH='\'
AM_DEFAULT_V='$(AM_DEFAULT_VERBOSITY)'
AM_DEFAULT_VERBOSITY='1'
AM_V='$(V)'
AUTOCONF='autoconf'
AUTOHEADER='autoheader'
AUTOMAKE='automake-1.15'
AWK='mawk'
CC='gcc'
CCDEPMODE='depmode=gcc3'
CFLAGS='-g -O2'
CPP='gcc -E'
CPPFLAGS=''
CYGPATH_W='echo'
DEFS='-DHAVE_CONFIG_H'
DEPDIR='.deps'
ECHO_C=''
ECHO_N='-n'
ECHO_T=''
EGREP='/bin/grep -E'
EXEEXT=''
GREP='/bin/grep'
INSTALL_DATA='${INSTALL} -m 644'
INSTALL_PROGRAM='${INSTALL}'
INSTALL_SCRIPT='${INSTALL}'
INSTALL_STRIP_PROGRAM='$(install_sh) -c -s'
LDFLAGS=''
LIBOBJS=''
LIBS='-lpthread -lpigpiod_if2 -lpthread -lpigpio -lwiringPi '
LTLIBOBJS=''
MAKEINFO='makeinfo'
MKDIR_P='/bin/mkdir -p'
OBJEXT='o'
PACKAGE='i2c_spi_chips'
PACKAGE_BUGREPORT='trevor.gowen@blueyonder.co.uk'
PACKAGE_NAME='i2c_spi_chips'
PACKAGE_STRING='i2c_spi_chips 0.0'
PACKAGE_TARNAME='i2c_spi_chips'
PACKAGE_URL=''
PACKAGE_VERSION='0.0'
PATH_SEPARATOR=':'
RANLIB='ranlib'
SET_MAKE=''
SHELL='/bin/bash'
STRIP=''
VERSION='0.0'
ac_ct_CC='gcc'
am__EXEEXT_FALSE=''
am__EXEEXT_TRUE='#'
am__fastdepCC_FALSE='#'
am__fastdepCC_TRUE=''
am__include='include'
am__isrc=''
am__leading_dot='.'
am__nodep='_no'
am__quote=''
am__tar='$${TAR-tar} chof - "$$tardir"'
am__untar='$${TAR-tar} xf -'
bindir='${exec_prefix}/bin'
build='armv7l-unknown-linux-gnueabihf'
build_alias=''
build_cpu='armv7l'
build_os='linux-gnueabihf'
build_vendor='unknown'
datadir='${datarootdir}'
datarootdir='${prefix}/share'
docdir='${datarootdir}/doc/${PACKAGE_TARNAME}'
dvidir='${docdir}'
exec_prefix='${prefix}'
host='armv7l-unknown-linux-gnueabihf'
host_alias=''
host_cpu='armv7l'
host_os='linux-gnueabihf'
host_vendor='unknown'
htmldir='${docdir}'
includedir='${prefix}/include'
infodir='${datarootdir}/info'
install_sh='${SHELL} /home/pi/src/pi/c/SPECTRUMled/i2c_spi_chips-0.0/install-sh'
libdir='${exec_prefix}/lib'
libexecdir='${exec_prefix}/libexec'
localedir='${datarootdir}/locale'
localstatedir='${prefix}/var'
mandir='${datarootdir}/man'
mkdir_p='$(MKDIR_P)'
oldincludedir='/usr/include'
pdfdir='${docdir}'
prefix='/usr/local'
program_transform_name='s,x,x,'
psdir='${docdir}'
runstatedir='${localstatedir}/run'
sbindir='${exec_prefix}/sbin'
sharedstatedir='${prefix}/com'
sysconfdir='${prefix}/etc'
target_alias=''

## ----------- ##
## confdefs.h. ##
## ----------- ##

/* confdefs.h */
#define PACKAGE_NAME "i2c_spi_chips"
#define PACKAGE_TARNAME "i2c_spi_chips"
#define PACKAGE_VERSION "0.0"
#define PACKAGE_STRING "i2c_spi_chips 0.0"
#define PACKAGE_BUGREPORT "trevor.gowen@blueyonder.co.uk"
#define PACKAGE_URL ""
#define PACKAGE "i2c_spi_chips"
#define VERSION "0.0"
#define HAVE_LIBWIRINGPI 1
#define STDC_HEADERS 1
#define HAVE_SYS_TYPES_H 1
#define HAVE_SYS_STAT_H 1
#define HAVE_STDLIB_H 1
#define HAVE_STRING_H 1
#define HAVE_MEMORY_H 1
#define HAVE_STRINGS_H 1
#define HAVE_INTTYPES_H 1
#define HAVE_STDINT_H 1
#define HAVE_UNISTD_H 1
#define HAVE_STDLIB_H 1
#define HAVE_STRING_H 1
#define HAVE_STRINGS_H 1
#define HAVE_UNISTD_H 1
#define HAVE_WIRINGPI_H 1
#define HAVE_WIRINGPII2C_H 1
#define HAVE_WIRINGPISPI_H 1
#define HAVE_PIGPIO_H 1
#define HAVE_PIGPIOD_IF2_H 1
#define HAVE_GETHOSTNAME 1
#define HAVE_STRCASECMP 1
#define HAVE_STRTOUL 1

configure: exit 0
