This file contains any messages produced by compilers while
running configure, to aid debugging if configure makes a mistake.

It was created by cava configure 0.6.1, which was
generated by GNU Autoconf 2.69.  Invocation command line was

  $ ./configure --no-create --no-recursion

## --------- ##
## Platform. ##
## --------- ##

hostname = rpi3-src
uname -m = armv7l
uname -r = 4.14.34-v7+
uname -s = Linux
uname -v = #1110 SMP Mon Apr 16 15:18:51 BST 2018

/usr/bin/uname -p = unknown
/bin/uname -X     = unknown

/bin/arch              = unknown
/usr/bin/arch -k       = unknown
/usr/convex/getsysinfo = unknown
/usr/bin/hostinfo      = unknown
/bin/machine           = unknown
/usr/bin/oslevel       = unknown
/bin/universe          = unknown

PATH: /home/pi/bin
PATH: /usr/local/sbin
PATH: /usr/local/bin
PATH: /usr/sbin
PATH: /usr/bin
PATH: /sbin
PATH: /bin
PATH: /usr/local/games
PATH: /usr/games
PATH: /home/pi/bin


## ----------- ##
## Core tests. ##
## ----------- ##

configure:2284: checking for a BSD-compatible install
configure:2352: result: /usr/bin/install -c
configure:2363: checking whether build environment is sane
configure:2418: result: yes
configure:2569: checking for a thread-safe mkdir -p
configure:2608: result: /bin/mkdir -p
configure:2615: checking for gawk
configure:2645: result: no
configure:2615: checking for mawk
configure:2631: found /usr/bin/mawk
configure:2642: result: mawk
configure:2653: checking whether make sets $(MAKE)
configure:2675: result: yes
configure:2704: checking whether make supports nested variables
configure:2721: result: yes
configure:2859: checking for style of include used by make
configure:2887: result: GNU
configure:2958: checking for gcc
configure:2974: found /usr/bin/gcc
configure:2985: result: gcc
configure:3214: checking for C compiler version
configure:3223: gcc --version >&5
gcc (Raspbian 6.3.0-18+rpi1+deb9u1) 6.3.0 20170516
Copyright (C) 2016 Free Software Foundation, Inc.
This is free software; see the source for copying conditions.  There is NO
warranty; not even for MERCHANTABILITY or FITNESS FOR A PARTICULAR PURPOSE.

configure:3234: $? = 0
configure:3223: gcc -v >&5
Using built-in specs.
COLLECT_GCC=gcc
COLLECT_LTO_WRAPPER=/usr/lib/gcc/arm-linux-gnueabihf/6/lto-wrapper
Target: arm-linux-gnueabihf
Configured with: ../src/configure -v --with-pkgversion='Raspbian 6.3.0-18+rpi1+deb9u1' --with-bugurl=file:///usr/share/doc/gcc-6/README.Bugs --enable-languages=c,ada,c++,java,go,d,fortran,objc,obj-c++ --prefix=/usr --program-suffix=-6 --program-prefix=arm-linux-gnueabihf- --enable-shared --enable-linker-build-id --libexecdir=/usr/lib --without-included-gettext --enable-threads=posix --libdir=/usr/lib --enable-nls --with-sysroot=/ --enable-clocale=gnu --enable-libstdcxx-debug --enable-libstdcxx-time=yes --with-default-libstdcxx-abi=new --enable-gnu-unique-object --disable-libitm --disable-libquadmath --enable-plugin --with-system-zlib --disable-browser-plugin --enable-java-awt=gtk --enable-gtk-cairo --with-java-home=/usr/lib/jvm/java-1.5.0-gcj-6-armhf/jre --enable-java-home --with-jvm-root-dir=/usr/lib/jvm/java-1.5.0-gcj-6-armhf --with-jvm-jar-dir=/usr/lib/jvm-exports/java-1.5.0-gcj-6-armhf --with-arch-directory=arm --with-ecj-jar=/usr/share/java/eclipse-ecj.jar --with-target-system-zlib --enable-objc-gc=auto --enable-multiarch --disable-sjlj-exceptions --with-arch=armv6 --with-fpu=vfp --with-float=hard --enable-checking=release --build=arm-linux-gnueabihf --host=arm-linux-gnueabihf --target=arm-linux-gnueabihf
Thread model: posix
gcc version 6.3.0 20170516 (Raspbian 6.3.0-18+rpi1+deb9u1) 
configure:3234: $? = 0
configure:3223: gcc -V >&5
gcc: error: unrecognized command line option '-V'
gcc: fatal error: no input files
compilation terminated.
configure:3234: $? = 1
configure:3223: gcc -qversion >&5
gcc: error: unrecognized command line option '-qversion'; did you mean '--version'?
gcc: fatal error: no input files
compilation terminated.
configure:3234: $? = 1
configure:3254: checking whether the C compiler works
configure:3276: gcc    conftest.c  >&5
configure:3280: $? = 0
configure:3328: result: yes
configure:3331: checking for C compiler default output file name
configure:3333: result: a.out
configure:3339: checking for suffix of executables
configure:3346: gcc -o conftest    conftest.c  >&5
configure:3350: $? = 0
configure:3372: result: 
configure:3394: checking whether we are cross compiling
configure:3402: gcc -o conftest    conftest.c  >&5
configure:3406: $? = 0
configure:3413: ./conftest
configure:3417: $? = 0
configure:3432: result: no
configure:3437: checking for suffix of object files
configure:3459: gcc -c   conftest.c >&5
configure:3463: $? = 0
configure:3484: result: o
configure:3488: checking whether we are using the GNU C compiler
configure:3507: gcc -c   conftest.c >&5
configure:3507: $? = 0
configure:3516: result: yes
configure:3525: checking whether gcc accepts -g
configure:3545: gcc -c -g  conftest.c >&5
configure:3545: $? = 0
configure:3586: result: yes
configure:3603: checking for gcc option to accept ISO C89
configure:3666: gcc  -c -g -O2  conftest.c >&5
configure:3666: $? = 0
configure:3679: result: none needed
configure:3704: checking whether gcc understands -c and -o together
configure:3726: gcc -c conftest.c -o conftest2.o
configure:3729: $? = 0
configure:3726: gcc -c conftest.c -o conftest2.o
configure:3729: $? = 0
configure:3741: result: yes
configure:3760: checking dependency style of gcc
configure:3871: result: gcc3
configure:3936: checking for ar
configure:3952: found /usr/bin/ar
configure:3963: result: ar
configure:3989: checking the archiver (ar) interface
configure:4005: gcc -c -g -O2  conftest.c >&5
configure:4005: $? = 0
configure:4007: ar cru libconftest.a conftest.o >&5
ar: `u' modifier ignored since `D' is the default (see `U')
configure:4010: $? = 0
configure:4038: result: ar
configure:4087: checking build system type
configure:4101: result: armv7l-unknown-linux-gnueabihf
configure:4121: checking host system type
configure:4134: result: armv7l-unknown-linux-gnueabihf
configure:4175: checking how to print strings
configure:4202: result: printf
configure:4223: checking for a sed that does not truncate output
configure:4287: result: /bin/sed
configure:4305: checking for grep that handles long lines and -e
configure:4363: result: /bin/grep
configure:4368: checking for egrep
configure:4430: result: /bin/grep -E
configure:4435: checking for fgrep
configure:4497: result: /bin/grep -F
configure:4532: checking for ld used by gcc
configure:4599: result: /usr/bin/ld
configure:4606: checking if the linker (/usr/bin/ld) is GNU ld
configure:4621: result: yes
configure:4633: checking for BSD- or MS-compatible name lister (nm)
configure:4687: result: /usr/bin/nm -B
configure:4817: checking the name lister (/usr/bin/nm -B) interface
configure:4824: gcc -c -g -O2  conftest.c >&5
configure:4827: /usr/bin/nm -B "conftest.o"
configure:4830: output
00000000 B some_variable
configure:4837: result: BSD nm
configure:4840: checking whether ln -s works
configure:4844: result: yes
configure:4852: checking the maximum length of command line arguments
configure:4983: result: 1572864
configure:5031: checking how to convert armv7l-unknown-linux-gnueabihf file names to armv7l-unknown-linux-gnueabihf format
configure:5071: result: func_convert_file_noop
configure:5078: checking how to convert armv7l-unknown-linux-gnueabihf file names to toolchain format
configure:5098: result: func_convert_file_noop
configure:5105: checking for /usr/bin/ld option to reload object files
configure:5112: result: -r
configure:5186: checking for objdump
configure:5202: found /usr/bin/objdump
configure:5213: result: objdump
configure:5245: checking how to recognize dependent libraries
configure:5445: result: pass_all
configure:5530: checking for dlltool
configure:5560: result: no
configure:5590: checking how to associate runtime and link libraries
configure:5617: result: printf %s\n
configure:5741: checking for archiver @FILE support
configure:5758: gcc -c -g -O2  conftest.c >&5
configure:5758: $? = 0
configure:5761: ar cru libconftest.a @conftest.lst >&5
ar: `u' modifier ignored since `D' is the default (see `U')
configure:5764: $? = 0
configure:5769: ar cru libconftest.a @conftest.lst >&5
ar: `u' modifier ignored since `D' is the default (see `U')
ar: conftest.o: No such file or directory
configure:5772: $? = 1
configure:5784: result: @
configure:5842: checking for strip
configure:5858: found /usr/bin/strip
configure:5869: result: strip
configure:5941: checking for ranlib
configure:5957: found /usr/bin/ranlib
configure:5968: result: ranlib
configure:6070: checking command to parse /usr/bin/nm -B output from gcc object
configure:6223: gcc -c -g -O2  conftest.c >&5
configure:6226: $? = 0
configure:6230: /usr/bin/nm -B conftest.o \| sed -n -e 's/^.*[ ]\([ABCDGIRSTW][ABCDGIRSTW]*\)[ ][ ]*\([_A-Za-z][_A-Za-z0-9]*\)$/\1 \2 \2/p' | sed '/ __gnu_lto/d' \> conftest.nm
configure:6233: $? = 0
configure:6299: gcc -o conftest -g -O2   conftest.c conftstm.o >&5
configure:6302: $? = 0
configure:6340: result: ok
configure:6387: checking for sysroot
configure:6417: result: no
configure:6424: checking for a working dd
configure:6462: result: /bin/dd
configure:6466: checking how to truncate binary pipes
configure:6481: result: /bin/dd bs=4096 count=1
configure:6810: checking for mt
configure:6826: found /bin/mt
configure:6837: result: mt
configure:6860: checking if mt is a manifest tool
configure:6866: mt '-?'
configure:6874: result: no
configure:7551: checking how to run the C preprocessor
configure:7582: gcc -E  conftest.c
configure:7582: $? = 0
configure:7596: gcc -E  conftest.c
conftest.c:11:28: fatal error: ac_nonexistent.h: No such file or directory
 #include <ac_nonexistent.h>
                            ^
compilation terminated.
configure:7596: $? = 1
configure: failed program was:
| /* confdefs.h */
| #define PACKAGE_NAME "cava"
| #define PACKAGE_TARNAME "cava"
| #define PACKAGE_VERSION "0.6.1"
| #define PACKAGE_STRING "cava 0.6.1"
| #define PACKAGE_BUGREPORT "karl@stavestrand.no"
| #define PACKAGE_URL ""
| #define PACKAGE "cava"
| #define VERSION "0.6.1"
| /* end confdefs.h.  */
| #include <ac_nonexistent.h>
configure:7621: result: gcc -E
configure:7641: gcc -E  conftest.c
configure:7641: $? = 0
configure:7655: gcc -E  conftest.c
conftest.c:11:28: fatal error: ac_nonexistent.h: No such file or directory
 #include <ac_nonexistent.h>
                            ^
compilation terminated.
configure:7655: $? = 1
configure: failed program was:
| /* confdefs.h */
| #define PACKAGE_NAME "cava"
| #define PACKAGE_TARNAME "cava"
| #define PACKAGE_VERSION "0.6.1"
| #define PACKAGE_STRING "cava 0.6.1"
| #define PACKAGE_BUGREPORT "karl@stavestrand.no"
| #define PACKAGE_URL ""
| #define PACKAGE "cava"
| #define VERSION "0.6.1"
| /* end confdefs.h.  */
| #include <ac_nonexistent.h>
configure:7684: checking for ANSI C header files
configure:7704: gcc -c -g -O2  conftest.c >&5
configure:7704: $? = 0
configure:7777: gcc -o conftest -g -O2   conftest.c  >&5
configure:7777: $? = 0
configure:7777: ./conftest
configure:7777: $? = 0
configure:7788: result: yes
configure:7801: checking for sys/types.h
configure:7801: gcc -c -g -O2  conftest.c >&5
configure:7801: $? = 0
configure:7801: result: yes
configure:7801: checking for sys/stat.h
configure:7801: gcc -c -g -O2  conftest.c >&5
configure:7801: $? = 0
configure:7801: result: yes
configure:7801: checking for stdlib.h
configure:7801: gcc -c -g -O2  conftest.c >&5
configure:7801: $? = 0
configure:7801: result: yes
configure:7801: checking for string.h
configure:7801: gcc -c -g -O2  conftest.c >&5
configure:7801: $? = 0
configure:7801: result: yes
configure:7801: checking for memory.h
configure:7801: gcc -c -g -O2  conftest.c >&5
configure:7801: $? = 0
configure:7801: result: yes
configure:7801: checking for strings.h
configure:7801: gcc -c -g -O2  conftest.c >&5
configure:7801: $? = 0
configure:7801: result: yes
configure:7801: checking for inttypes.h
configure:7801: gcc -c -g -O2  conftest.c >&5
configure:7801: $? = 0
configure:7801: result: yes
configure:7801: checking for stdint.h
configure:7801: gcc -c -g -O2  conftest.c >&5
configure:7801: $? = 0
configure:7801: result: yes
configure:7801: checking for unistd.h
configure:7801: gcc -c -g -O2  conftest.c >&5
configure:7801: $? = 0
configure:7801: result: yes
configure:7815: checking for dlfcn.h
configure:7815: gcc -c -g -O2  conftest.c >&5
configure:7815: $? = 0
configure:7815: result: yes
configure:8071: checking for objdir
configure:8086: result: .libs
configure:8350: checking if gcc supports -fno-rtti -fno-exceptions
configure:8368: gcc -c -g -O2  -fno-rtti -fno-exceptions conftest.c >&5
cc1: warning: command line option '-fno-rtti' is valid for C++/ObjC++ but not for C
configure:8372: $? = 0
configure:8385: result: no
configure:8743: checking for gcc option to produce PIC
configure:8750: result: -fPIC -DPIC
configure:8758: checking if gcc PIC flag -fPIC -DPIC works
configure:8776: gcc -c -g -O2  -fPIC -DPIC -DPIC conftest.c >&5
configure:8780: $? = 0
configure:8793: result: yes
configure:8822: checking if gcc static flag -static works
configure:8850: result: yes
configure:8865: checking if gcc supports -c -o file.o
configure:8886: gcc -c -g -O2  -o out/conftest2.o conftest.c >&5
configure:8890: $? = 0
configure:8912: result: yes
configure:8920: checking if gcc supports -c -o file.o
configure:8967: result: yes
configure:9000: checking whether the gcc linker (/usr/bin/ld) supports shared libraries
configure:10263: result: yes
configure:10300: checking whether -lc should be explicitly linked in
configure:10308: gcc -c -g -O2  conftest.c >&5
configure:10311: $? = 0
configure:10326: gcc -shared  -fPIC -DPIC conftest.o  -v -Wl,-soname -Wl,conftest -o conftest 2\>\&1 \| /bin/grep  -lc  \>/dev/null 2\>\&1
configure:10329: $? = 0
configure:10343: result: no
configure:10503: checking dynamic linker characteristics
configure:11084: gcc -o conftest -g -O2   -Wl,-rpath -Wl,/foo conftest.c  >&5
configure:11084: $? = 0
configure:11333: result: GNU/Linux ld.so
configure:11455: checking how to hardcode library paths into programs
configure:11480: result: immediate
configure:12028: checking whether stripping libraries is possible
configure:12033: result: yes
configure:12068: checking if libtool supports shared libraries
configure:12070: result: yes
configure:12073: checking whether to build shared libraries
configure:12098: result: yes
configure:12101: checking whether to build static libraries
configure:12105: result: yes
configure:12190: checking for gcc
configure:12217: result: gcc
configure:12446: checking for C compiler version
configure:12455: gcc --version >&5
gcc (Raspbian 6.3.0-18+rpi1+deb9u1) 6.3.0 20170516
Copyright (C) 2016 Free Software Foundation, Inc.
This is free software; see the source for copying conditions.  There is NO
warranty; not even for MERCHANTABILITY or FITNESS FOR A PARTICULAR PURPOSE.

configure:12466: $? = 0
configure:12455: gcc -v >&5
Using built-in specs.
COLLECT_GCC=gcc
COLLECT_LTO_WRAPPER=/usr/lib/gcc/arm-linux-gnueabihf/6/lto-wrapper
Target: arm-linux-gnueabihf
Configured with: ../src/configure -v --with-pkgversion='Raspbian 6.3.0-18+rpi1+deb9u1' --with-bugurl=file:///usr/share/doc/gcc-6/README.Bugs --enable-languages=c,ada,c++,java,go,d,fortran,objc,obj-c++ --prefix=/usr --program-suffix=-6 --program-prefix=arm-linux-gnueabihf- --enable-shared --enable-linker-build-id --libexecdir=/usr/lib --without-included-gettext --enable-threads=posix --libdir=/usr/lib --enable-nls --with-sysroot=/ --enable-clocale=gnu --enable-libstdcxx-debug --enable-libstdcxx-time=yes --with-default-libstdcxx-abi=new --enable-gnu-unique-object --disable-libitm --disable-libquadmath --enable-plugin --with-system-zlib --disable-browser-plugin --enable-java-awt=gtk --enable-gtk-cairo --with-java-home=/usr/lib/jvm/java-1.5.0-gcj-6-armhf/jre --enable-java-home --with-jvm-root-dir=/usr/lib/jvm/java-1.5.0-gcj-6-armhf --with-jvm-jar-dir=/usr/lib/jvm-exports/java-1.5.0-gcj-6-armhf --with-arch-directory=arm --with-ecj-jar=/usr/share/java/eclipse-ecj.jar --with-target-system-zlib --enable-objc-gc=auto --enable-multiarch --disable-sjlj-exceptions --with-arch=armv6 --with-fpu=vfp --with-float=hard --enable-checking=release --build=arm-linux-gnueabihf --host=arm-linux-gnueabihf --target=arm-linux-gnueabihf
Thread model: posix
gcc version 6.3.0 20170516 (Raspbian 6.3.0-18+rpi1+deb9u1) 
configure:12466: $? = 0
configure:12455: gcc -V >&5
gcc: error: unrecognized command line option '-V'
gcc: fatal error: no input files
compilation terminated.
configure:12466: $? = 1
configure:12455: gcc -qversion >&5
gcc: error: unrecognized command line option '-qversion'; did you mean '--version'?
gcc: fatal error: no input files
compilation terminated.
configure:12466: $? = 1
configure:12470: checking whether we are using the GNU C compiler
configure:12498: result: yes
configure:12507: checking whether gcc accepts -g
configure:12568: result: yes
configure:12585: checking for gcc option to accept ISO C89
configure:12661: result: none needed
configure:12686: checking whether gcc understands -c and -o together
configure:12723: result: yes
configure:12742: checking dependency style of gcc
configure:12853: result: gcc3
configure:12872: checking for gcc option to accept ISO C99
configure:13021: gcc  -c -g -O2  conftest.c >&5
configure:13021: $? = 0
configure:13034: result: none needed
configure:13142: checking for gcc option to accept ISO Standard C
configure:13153: result: none needed
configure:13182: checking pthread.h usability
configure:13182: gcc -c -g -O2  conftest.c >&5
configure:13182: $? = 0
configure:13182: result: yes
configure:13182: checking pthread.h presence
configure:13182: gcc -E  conftest.c
configure:13182: $? = 0
configure:13182: result: yes
configure:13182: checking for pthread.h
configure:13182: result: yes
configure:13187: checking for pthread_create in -lpthread
configure:13212: gcc -o conftest -g -O2   conftest.c -lpthread   >&5
configure:13212: $? = 0
configure:13221: result: yes
configure:13239: checking alloca.h usability
configure:13239: gcc -c -g -O2  conftest.c >&5
configure:13239: $? = 0
configure:13239: result: yes
configure:13239: checking alloca.h presence
configure:13239: gcc -E  conftest.c
configure:13239: $? = 0
configure:13239: result: yes
configure:13239: checking for alloca.h
configure:13239: result: yes
configure:13246: checking for snd_pcm_open in -lasound
configure:13271: gcc -o conftest -g -O2  -DHAVE_ALLOCA_H  conftest.c -lasound   -lpthread >&5
configure:13271: $? = 0
configure:13280: result: yes
configure:13299: checking for pa_simple_new in -lpulse-simple
configure:13324: gcc -o conftest -g -O2  -DHAVE_ALLOCA_H -DALSA  conftest.c -lpulse-simple   -lpthread -lasound >&5
configure:13324: $? = 0
configure:13333: result: yes
configure:13351: checking for sio_open in -lsndio
configure:13376: gcc -o conftest -g -O2  -DHAVE_ALLOCA_H -DALSA -DPULSE  conftest.c -lsndio   -lpthread -lasound -lpulse-simple -lpulse >&5
/usr/bin/ld: cannot find -lsndio
collect2: error: ld returned 1 exit status
configure:13376: $? = 1
configure: failed program was:
| /* confdefs.h */
| #define PACKAGE_NAME "cava"
| #define PACKAGE_TARNAME "cava"
| #define PACKAGE_VERSION "0.6.1"
| #define PACKAGE_STRING "cava 0.6.1"
| #define PACKAGE_BUGREPORT "karl@stavestrand.no"
| #define PACKAGE_URL ""
| #define PACKAGE "cava"
| #define VERSION "0.6.1"
| #define STDC_HEADERS 1
| #define HAVE_SYS_TYPES_H 1
| #define HAVE_SYS_STAT_H 1
| #define HAVE_STDLIB_H 1
| #define HAVE_STRING_H 1
| #define HAVE_MEMORY_H 1
| #define HAVE_STRINGS_H 1
| #define HAVE_INTTYPES_H 1
| #define HAVE_STDINT_H 1
| #define HAVE_UNISTD_H 1
| #define HAVE_DLFCN_H 1
| #define LT_OBJDIR ".libs/"
| #define HAVE_PTHREAD_H 1
| /* end confdefs.h.  */
| 
| /* Override any GCC internal prototype to avoid an error.
|    Use char because int might match the return type of a GCC
|    builtin and then its argument prototype would still apply.  */
| #ifdef __cplusplus
| extern "C"
| #endif
| char sio_open ();
| int
| main ()
| {
| return sio_open ();
|   ;
|   return 0;
| }
configure:13385: result: no
configure:13399: WARNING: No sndio dev files found building without sndio support
configure:13403: checking for sqrt in -lm
configure:13428: gcc -o conftest -g -O2  -DHAVE_ALLOCA_H -DALSA -DPULSE  conftest.c -lm   -lpthread -lasound -lpulse-simple -lpulse >&5
conftest.c:31:6: warning: conflicting types for built-in function 'sqrt'
 char sqrt ();
      ^~~~
configure:13428: $? = 0
configure:13437: result: yes
configure:13463: checking for fftw_execute in -lfftw3
configure:13488: gcc -o conftest -g -O2  -DHAVE_ALLOCA_H -DALSA -DPULSE  conftest.c -lfftw3   -lpthread -lasound -lpulse-simple -lpulse -lm >&5
configure:13488: $? = 0
configure:13497: result: yes
configure:13519: checking for ncursesw6-config
configure:13552: result: no
configure:13519: checking for ncursesw5-config
configure:13537: found /usr/bin/ncursesw5-config
configure:13549: result: /usr/bin/ncursesw5-config
configure:13561: checking for initscr in -lncursesw
configure:13586: gcc -o conftest -g -O2  -DHAVE_ALLOCA_H -DALSA -DPULSE  conftest.c -lncursesw   -lpthread -lasound -lpulse-simple -lpulse -lm -lfftw3 >&5
configure:13586: $? = 0
configure:13595: result: yes
configure:13604: checking for initscr in -lncursesw
configure:13629: gcc -o conftest -g -O2  -DHAVE_ALLOCA_H -DALSA -DPULSE  conftest.c -lncursesw   -lpthread -lasound -lpulse-simple -lpulse -lm -lfftw3 >&5
configure:13629: $? = 0
configure:13639: result: yes
configure:13652: checking curses.h usability
configure:13652: gcc -c -g -O2  -DHAVE_ALLOCA_H -DALSA -DPULSE -D_GNU_SOURCE -D_DEFAULT_SOURCE -I/usr/include/ncursesw -DNCURSES conftest.c >&5
configure:13652: $? = 0
configure:13652: result: yes
configure:13652: checking curses.h presence
configure:13652: gcc -E  -DHAVE_ALLOCA_H -DALSA -DPULSE -D_GNU_SOURCE -D_DEFAULT_SOURCE -I/usr/include/ncursesw -DNCURSES conftest.c
configure:13652: $? = 0
configure:13652: result: yes
configure:13652: checking for curses.h
configure:13652: result: yes
configure:13675: checking for library containing iniparser_load
configure:13706: gcc -o conftest -g -O2  -DHAVE_ALLOCA_H -DALSA -DPULSE -D_GNU_SOURCE -D_DEFAULT_SOURCE -I/usr/include/ncursesw -DNCURSES  conftest.c  -lpthread -lasound -lpulse-simple -lpulse -lm -lfftw3 -lncursesw -ltinfo >&5
/tmp/ccgk0IEL.o: In function `main':
/home/pi/src/pi/c/SPECTRUMled/c/my_cava/conftest.c:36: undefined reference to `iniparser_load'
collect2: error: ld returned 1 exit status
configure:13706: $? = 1
configure: failed program was:
| /* confdefs.h */
| #define PACKAGE_NAME "cava"
| #define PACKAGE_TARNAME "cava"
| #define PACKAGE_VERSION "0.6.1"
| #define PACKAGE_STRING "cava 0.6.1"
| #define PACKAGE_BUGREPORT "karl@stavestrand.no"
| #define PACKAGE_URL ""
| #define PACKAGE "cava"
| #define VERSION "0.6.1"
| #define STDC_HEADERS 1
| #define HAVE_SYS_TYPES_H 1
| #define HAVE_SYS_STAT_H 1
| #define HAVE_STDLIB_H 1
| #define HAVE_STRING_H 1
| #define HAVE_MEMORY_H 1
| #define HAVE_STRINGS_H 1
| #define HAVE_INTTYPES_H 1
| #define HAVE_STDINT_H 1
| #define HAVE_UNISTD_H 1
| #define HAVE_DLFCN_H 1
| #define LT_OBJDIR ".libs/"
| #define HAVE_PTHREAD_H 1
| #define HAVE_CURSES_H 1
| /* end confdefs.h.  */
| 
| /* Override any GCC internal prototype to avoid an error.
|    Use char because int might match the return type of a GCC
|    builtin and then its argument prototype would still apply.  */
| #ifdef __cplusplus
| extern "C"
| #endif
| char iniparser_load ();
| int
| main ()
| {
| return iniparser_load ();
|   ;
|   return 0;
| }
configure:13706: gcc -o conftest -g -O2  -DHAVE_ALLOCA_H -DALSA -DPULSE -D_GNU_SOURCE -D_DEFAULT_SOURCE -I/usr/include/ncursesw -DNCURSES  conftest.c -liniparser   -lpthread -lasound -lpulse-simple -lpulse -lm -lfftw3 -lncursesw -ltinfo >&5
configure:13706: $? = 0
configure:13723: result: -liniparser
configure:13731: checking iniparser.h usability
configure:13731: gcc -c -g -O2  -DHAVE_ALLOCA_H -DALSA -DPULSE -D_GNU_SOURCE -D_DEFAULT_SOURCE -I/usr/include/ncursesw -DNCURSES conftest.c >&5
conftest.c:58:23: fatal error: iniparser.h: No such file or directory
 #include <iniparser.h>
                       ^
compilation terminated.
configure:13731: $? = 1
configure: failed program was:
| /* confdefs.h */
| #define PACKAGE_NAME "cava"
| #define PACKAGE_TARNAME "cava"
| #define PACKAGE_VERSION "0.6.1"
| #define PACKAGE_STRING "cava 0.6.1"
| #define PACKAGE_BUGREPORT "karl@stavestrand.no"
| #define PACKAGE_URL ""
| #define PACKAGE "cava"
| #define VERSION "0.6.1"
| #define STDC_HEADERS 1
| #define HAVE_SYS_TYPES_H 1
| #define HAVE_SYS_STAT_H 1
| #define HAVE_STDLIB_H 1
| #define HAVE_STRING_H 1
| #define HAVE_MEMORY_H 1
| #define HAVE_STRINGS_H 1
| #define HAVE_INTTYPES_H 1
| #define HAVE_STDINT_H 1
| #define HAVE_UNISTD_H 1
| #define HAVE_DLFCN_H 1
| #define LT_OBJDIR ".libs/"
| #define HAVE_PTHREAD_H 1
| #define HAVE_CURSES_H 1
| /* end confdefs.h.  */
| #include <stdio.h>
| #ifdef HAVE_SYS_TYPES_H
| # include <sys/types.h>
| #endif
| #ifdef HAVE_SYS_STAT_H
| # include <sys/stat.h>
| #endif
| #ifdef STDC_HEADERS
| # include <stdlib.h>
| # include <stddef.h>
| #else
| # ifdef HAVE_STDLIB_H
| #  include <stdlib.h>
| # endif
| #endif
| #ifdef HAVE_STRING_H
| # if !defined STDC_HEADERS && defined HAVE_MEMORY_H
| #  include <memory.h>
| # endif
| # include <string.h>
| #endif
| #ifdef HAVE_STRINGS_H
| # include <strings.h>
| #endif
| #ifdef HAVE_INTTYPES_H
| # include <inttypes.h>
| #endif
| #ifdef HAVE_STDINT_H
| # include <stdint.h>
| #endif
| #ifdef HAVE_UNISTD_H
| # include <unistd.h>
| #endif
| #include <iniparser.h>
configure:13731: result: no
configure:13731: checking iniparser.h presence
configure:13731: gcc -E  -DHAVE_ALLOCA_H -DALSA -DPULSE -D_GNU_SOURCE -D_DEFAULT_SOURCE -I/usr/include/ncursesw -DNCURSES conftest.c
conftest.c:25:23: fatal error: iniparser.h: No such file or directory
 #include <iniparser.h>
                       ^
compilation terminated.
configure:13731: $? = 1
configure: failed program was:
| /* confdefs.h */
| #define PACKAGE_NAME "cava"
| #define PACKAGE_TARNAME "cava"
| #define PACKAGE_VERSION "0.6.1"
| #define PACKAGE_STRING "cava 0.6.1"
| #define PACKAGE_BUGREPORT "karl@stavestrand.no"
| #define PACKAGE_URL ""
| #define PACKAGE "cava"
| #define VERSION "0.6.1"
| #define STDC_HEADERS 1
| #define HAVE_SYS_TYPES_H 1
| #define HAVE_SYS_STAT_H 1
| #define HAVE_STDLIB_H 1
| #define HAVE_STRING_H 1
| #define HAVE_MEMORY_H 1
| #define HAVE_STRINGS_H 1
| #define HAVE_INTTYPES_H 1
| #define HAVE_STDINT_H 1
| #define HAVE_UNISTD_H 1
| #define HAVE_DLFCN_H 1
| #define LT_OBJDIR ".libs/"
| #define HAVE_PTHREAD_H 1
| #define HAVE_CURSES_H 1
| /* end confdefs.h.  */
| #include <iniparser.h>
configure:13731: result: no
configure:13731: checking for iniparser.h
configure:13731: result: no
configure:13762: Building iniparser
configure:13937: checking that generated files are newer than configure
configure:13943: result: done
configure:13974: creating ./config.status

## ---------------- ##
## Cache variables. ##
## ---------------- ##

ac_cv_build=armv7l-unknown-linux-gnueabihf
ac_cv_c_compiler_gnu=yes
ac_cv_env_CC_set=
ac_cv_env_CC_value=
ac_cv_env_CFLAGS_set=
ac_cv_env_CFLAGS_value=
ac_cv_env_CPPFLAGS_set=
ac_cv_env_CPPFLAGS_value=
ac_cv_env_CPP_set=
ac_cv_env_CPP_value=
ac_cv_env_FONT_DIR_set=
ac_cv_env_FONT_DIR_value=
ac_cv_env_LDFLAGS_set=
ac_cv_env_LDFLAGS_value=
ac_cv_env_LIBS_set=
ac_cv_env_LIBS_value=
ac_cv_env_LT_SYS_LIBRARY_PATH_set=
ac_cv_env_LT_SYS_LIBRARY_PATH_value=
ac_cv_env_build_alias_set=
ac_cv_env_build_alias_value=
ac_cv_env_host_alias_set=
ac_cv_env_host_alias_value=
ac_cv_env_target_alias_set=
ac_cv_env_target_alias_value=
ac_cv_header_alloca_h=yes
ac_cv_header_curses_h=yes
ac_cv_header_dlfcn_h=yes
ac_cv_header_iniparser_h=no
ac_cv_header_inttypes_h=yes
ac_cv_header_memory_h=yes
ac_cv_header_pthread_h=yes
ac_cv_header_stdc=yes
ac_cv_header_stdint_h=yes
ac_cv_header_stdlib_h=yes
ac_cv_header_string_h=yes
ac_cv_header_strings_h=yes
ac_cv_header_sys_stat_h=yes
ac_cv_header_sys_types_h=yes
ac_cv_header_unistd_h=yes
ac_cv_host=armv7l-unknown-linux-gnueabihf
ac_cv_lib_asound_snd_pcm_open=yes
ac_cv_lib_fftw3_fftw_execute=yes
ac_cv_lib_m_sqrt=yes
ac_cv_lib_ncursesw___initscr=yes
ac_cv_lib_ncursesw_initscr=yes
ac_cv_lib_pthread_pthread_create=yes
ac_cv_lib_pulse_simple_pa_simple_new=yes
ac_cv_lib_sndio_sio_open=no
ac_cv_objext=o
ac_cv_path_CURSES_CONFIG=/usr/bin/ncursesw5-config
ac_cv_path_EGREP='/bin/grep -E'
ac_cv_path_FGREP='/bin/grep -F'
ac_cv_path_GREP=/bin/grep
ac_cv_path_SED=/bin/sed
ac_cv_path_install='/usr/bin/install -c'
ac_cv_path_lt_DD=/bin/dd
ac_cv_path_mkdir=/bin/mkdir
ac_cv_prog_AWK=mawk
ac_cv_prog_CPP='gcc -E'
ac_cv_prog_ac_ct_AR=ar
ac_cv_prog_ac_ct_CC=gcc
ac_cv_prog_ac_ct_MANIFEST_TOOL=mt
ac_cv_prog_ac_ct_OBJDUMP=objdump
ac_cv_prog_ac_ct_RANLIB=ranlib
ac_cv_prog_ac_ct_STRIP=strip
ac_cv_prog_cc_c89=
ac_cv_prog_cc_c99=
ac_cv_prog_cc_g=yes
ac_cv_prog_cc_stdc=
ac_cv_prog_make_make_set=yes
ac_cv_search_iniparser_load=-liniparser
am_cv_CC_dependencies_compiler_type=gcc3
am_cv_ar_interface=ar
am_cv_make_support_nested_variables=yes
am_cv_prog_cc_c_o=yes
lt_cv_ar_at_file=@
lt_cv_archive_cmds_need_lc=no
lt_cv_deplibs_check_method=pass_all
lt_cv_file_magic_cmd='$MAGIC_CMD'
lt_cv_file_magic_test_file=
lt_cv_ld_reload_flag=-r
lt_cv_nm_interface='BSD nm'
lt_cv_objdir=.libs
lt_cv_path_LD=/usr/bin/ld
lt_cv_path_NM='/usr/bin/nm -B'
lt_cv_path_mainfest_tool=no
lt_cv_prog_compiler_c_o=yes
lt_cv_prog_compiler_pic='-fPIC -DPIC'
lt_cv_prog_compiler_pic_works=yes
lt_cv_prog_compiler_rtti_exceptions=no
lt_cv_prog_compiler_static_works=yes
lt_cv_prog_gnu_ld=yes
lt_cv_sharedlib_from_linklib_cmd='printf %s\n'
lt_cv_shlibpath_overrides_runpath=no
lt_cv_sys_global_symbol_pipe='sed -n -e '\''s/^.*[	 ]\([ABCDGIRSTW][ABCDGIRSTW]*\)[	 ][	 ]*\([_A-Za-z][_A-Za-z0-9]*\)$/\1 \2 \2/p'\'' | sed '\''/ __gnu_lto/d'\'''
lt_cv_sys_global_symbol_to_c_name_address='sed -n -e '\''s/^: \(.*\) .*$/  {"\1", (void *) 0},/p'\'' -e '\''s/^[ABCDGIRSTW][ABCDGIRSTW]* .* \(.*\)$/  {"\1", (void *) \&\1},/p'\'''
lt_cv_sys_global_symbol_to_c_name_address_lib_prefix='sed -n -e '\''s/^: \(.*\) .*$/  {"\1", (void *) 0},/p'\'' -e '\''s/^[ABCDGIRSTW][ABCDGIRSTW]* .* \(lib.*\)$/  {"\1", (void *) \&\1},/p'\'' -e '\''s/^[ABCDGIRSTW][ABCDGIRSTW]* .* \(.*\)$/  {"lib\1", (void *) \&\1},/p'\'''
lt_cv_sys_global_symbol_to_cdecl='sed -n -e '\''s/^T .* \(.*\)$/extern int \1();/p'\'' -e '\''s/^[ABCDGIRSTW][ABCDGIRSTW]* .* \(.*\)$/extern char \1;/p'\'''
lt_cv_sys_global_symbol_to_import=
lt_cv_sys_max_cmd_len=1572864
lt_cv_to_host_file_cmd=func_convert_file_noop
lt_cv_to_tool_file_cmd=func_convert_file_noop
lt_cv_truncate_bin='/bin/dd bs=4096 count=1'

## ----------------- ##
## Output variables. ##
## ----------------- ##

ACLOCAL='${SHELL} /home/pi/src/pi/c/SPECTRUMled/c/my_cava/missing aclocal-1.15'
AMDEPBACKSLASH='\'
AMDEP_FALSE='#'
AMDEP_TRUE=''
AMTAR='$${TAR-tar}'
AM_BACKSLASH='\'
AM_DEFAULT_V='$(AM_DEFAULT_VERBOSITY)'
AM_DEFAULT_VERBOSITY='1'
AM_V='$(V)'
AR='ar'
AUTOCONF='${SHELL} /home/pi/src/pi/c/SPECTRUMled/c/my_cava/missing autoconf'
AUTOHEADER='${SHELL} /home/pi/src/pi/c/SPECTRUMled/c/my_cava/missing autoheader'
AUTOMAKE='${SHELL} /home/pi/src/pi/c/SPECTRUMled/c/my_cava/missing automake-1.15'
AWK='mawk'
CC='gcc'
CCDEPMODE='depmode=gcc3'
CFLAGS='-g -O2'
CPP='gcc -E'
CPPFLAGS=' -DHAVE_ALLOCA_H -DALSA -DPULSE -D_GNU_SOURCE -D_DEFAULT_SOURCE -I/usr/include/ncursesw -DNCURSES'
CURSES_CONFIG='/usr/bin/ncursesw5-config'
CYGPATH_W='echo'
DEFS='-DPACKAGE_NAME=\"cava\" -DPACKAGE_TARNAME=\"cava\" -DPACKAGE_VERSION=\"0.6.1\" -DPACKAGE_STRING=\"cava\ 0.6.1\" -DPACKAGE_BUGREPORT=\"karl@stavestrand.no\" -DPACKAGE_URL=\"\" -DPACKAGE=\"cava\" -DVERSION=\"0.6.1\" -DSTDC_HEADERS=1 -DHAVE_SYS_TYPES_H=1 -DHAVE_SYS_STAT_H=1 -DHAVE_STDLIB_H=1 -DHAVE_STRING_H=1 -DHAVE_MEMORY_H=1 -DHAVE_STRINGS_H=1 -DHAVE_INTTYPES_H=1 -DHAVE_STDINT_H=1 -DHAVE_UNISTD_H=1 -DHAVE_DLFCN_H=1 -DLT_OBJDIR=\".libs/\" -DHAVE_PTHREAD_H=1 -DHAVE_CURSES_H=1'
DEPDIR='.deps'
DLLTOOL='false'
DSYMUTIL=''
DUMPBIN=''
ECHO_C=''
ECHO_N='-n'
ECHO_T=''
EGREP='/bin/grep -E'
EXEEXT=''
FGREP='/bin/grep -F'
FONT_DIR='/usr/share/consolefonts'
GREP='/bin/grep'
INSTALL_DATA='${INSTALL} -m 644'
INSTALL_PROGRAM='${INSTALL}'
INSTALL_SCRIPT='${INSTALL}'
INSTALL_STRIP_PROGRAM='$(install_sh) -c -s'
LD='/usr/bin/ld'
LDFLAGS=''
LIBOBJS=''
LIBS='-liniparser  -lpthread -lasound -lpulse-simple -lpulse -lm -lfftw3 -lncursesw -ltinfo'
LIBTOOL='$(SHELL) $(top_builddir)/libtool'
LIPO=''
LN_S='ln -s'
LTLIBOBJS=''
LT_SYS_LIBRARY_PATH=''
MAKEINFO='${SHELL} /home/pi/src/pi/c/SPECTRUMled/c/my_cava/missing makeinfo'
MANIFEST_TOOL=':'
MKDIR_P='/bin/mkdir -p'
NM='/usr/bin/nm -B'
NMEDIT=''
OBJDUMP='objdump'
OBJEXT='o'
OTOOL64=''
OTOOL=''
PACKAGE='cava'
PACKAGE_BUGREPORT='karl@stavestrand.no'
PACKAGE_NAME='cava'
PACKAGE_STRING='cava 0.6.1'
PACKAGE_TARNAME='cava'
PACKAGE_URL=''
PACKAGE_VERSION='0.6.1'
PATH_SEPARATOR=':'
RANLIB='ranlib'
SED='/bin/sed'
SET_MAKE=''
SHELL='/bin/bash'
STRIP='strip'
SYSTEM_LIBINIPARSER='0'
SYSTEM_LIBINIPARSER_FALSE=''
SYSTEM_LIBINIPARSER_TRUE='#'
VERSION='0.6.1'
ac_ct_AR='ar'
ac_ct_CC='gcc'
ac_ct_DUMPBIN=''
am__EXEEXT_FALSE=''
am__EXEEXT_TRUE='#'
am__fastdepCC_FALSE='#'
am__fastdepCC_TRUE=''
am__include='include'
am__isrc=''
am__leading_dot='.'
am__nodep='_no'
am__quote=''
am__tar='$${TAR-tar} chof - "$$tardir"'
am__untar='$${TAR-tar} xf -'
bindir='${exec_prefix}/bin'
build='armv7l-unknown-linux-gnueabihf'
build_alias=''
build_cpu='armv7l'
build_os='linux-gnueabihf'
build_vendor='unknown'
datadir='${datarootdir}'
datarootdir='${prefix}/share'
docdir='${datarootdir}/doc/${PACKAGE_TARNAME}'
dvidir='${docdir}'
exec_prefix='${prefix}'
host='armv7l-unknown-linux-gnueabihf'
host_alias=''
host_cpu='armv7l'
host_os='linux-gnueabihf'
host_vendor='unknown'
htmldir='${docdir}'
includedir='${prefix}/include'
infodir='${datarootdir}/info'
install_sh='${SHELL} /home/pi/src/pi/c/SPECTRUMled/c/my_cava/install-sh'
libdir='${exec_prefix}/lib'
libexecdir='${exec_prefix}/libexec'
localedir='${datarootdir}/locale'
localstatedir='${prefix}/var'
mandir='${datarootdir}/man'
mkdir_p='$(MKDIR_P)'
oldincludedir='/usr/include'
pdfdir='${docdir}'
prefix='/usr/local'
program_transform_name='s,x,x,'
psdir='${docdir}'
runstatedir='${localstatedir}/run'
sbindir='${exec_prefix}/sbin'
sharedstatedir='${prefix}/com'
sysconfdir='${prefix}/etc'
target_alias=''

## ----------- ##
## confdefs.h. ##
## ----------- ##

/* confdefs.h */
#define PACKAGE_NAME "cava"
#define PACKAGE_TARNAME "cava"
#define PACKAGE_VERSION "0.6.1"
#define PACKAGE_STRING "cava 0.6.1"
#define PACKAGE_BUGREPORT "karl@stavestrand.no"
#define PACKAGE_URL ""
#define PACKAGE "cava"
#define VERSION "0.6.1"
#define STDC_HEADERS 1
#define HAVE_SYS_TYPES_H 1
#define HAVE_SYS_STAT_H 1
#define HAVE_STDLIB_H 1
#define HAVE_STRING_H 1
#define HAVE_MEMORY_H 1
#define HAVE_STRINGS_H 1
#define HAVE_INTTYPES_H 1
#define HAVE_STDINT_H 1
#define HAVE_UNISTD_H 1
#define HAVE_DLFCN_H 1
#define LT_OBJDIR ".libs/"
#define HAVE_PTHREAD_H 1
#define HAVE_CURSES_H 1

configure: exit 0

## ---------------------- ##
## Running config.status. ##
## ---------------------- ##

This file was extended by cava config.status 0.6.1, which was
generated by GNU Autoconf 2.69.  Invocation command line was

  CONFIG_FILES    = 
  CONFIG_HEADERS  = 
  CONFIG_LINKS    = 
  CONFIG_COMMANDS = 
  $ ./config.status 

on rpi3-src

config.status:1013: creating iniparser/Makefile
config.status:1013: creating Makefile
config.status:1185: executing depfiles commands
config.status:1185: executing libtool commands
